<?xml version="1.0" encoding="UTF-8"?>
<testng-results skipped="0" failed="0" total="1" passed="1">
  <reporter-output>
  </reporter-output>
  <suite name="Default suite" duration-ms="16773" started-at="2020-08-04T18:40:19Z" finished-at="2020-08-04T18:40:36Z">
    <groups>
    </groups>
    <test name="Default test" duration-ms="16773" started-at="2020-08-04T18:40:19Z" finished-at="2020-08-04T18:40:36Z">
      <class name="com.practise.automation.vjframework.ValidateTitle">
        <test-method status="PASS" signature="getTitleValidation()[pri:0, instance:com.practise.automation.vjframework.ValidateTitle@1bce4f0a]" name="getTitleValidation" duration-ms="16756" started-at="2020-08-05T00:10:19Z" finished-at="2020-08-05T00:10:36Z">
          <reporter-output>
          </reporter-output>
        </test-method> <!-- getTitleValidation -->
      </class> <!-- com.practise.automation.vjframework.ValidateTitle -->
    </test> <!-- Default test -->
  </suite> <!-- Default suite -->
</testng-results>
